d:\study\осисп\driver\driver\debug\vc142.pdb
d:\study\осисп\driver\driver\debug\source.obj
d:\study\осисп\driver\debug\driver\driver.cat
d:\study\осисп\driver\debug\driver.sys
d:\study\осисп\driver\debug\driver.pdb
d:\study\осисп\driver\driver\debug\driver.inf
d:\study\осисп\driver\debug\driver.cer
d:\study\осисп\driver\debug\driver.inf
d:\study\осисп\driver\driver\debug\driver.tlog\cl.command.1.tlog
d:\study\осисп\driver\driver\debug\driver.tlog\cl.read.1.tlog
d:\study\осисп\driver\driver\debug\driver.tlog\cl.write.1.tlog
d:\study\осисп\driver\driver\debug\driver.tlog\inf2cat-expand.18120.read.1.tlog
d:\study\осисп\driver\driver\debug\driver.tlog\inf2cat-expand.18120.write.1.tlog
d:\study\осисп\driver\driver\debug\driver.tlog\inf2cat-expand.18616.read.1.tlog
d:\study\осисп\driver\driver\debug\driver.tlog\inf2cat-expand.18616.write.1.tlog
d:\study\осисп\driver\driver\debug\driver.tlog\inf2cat-expand.18996.read.1.tlog
d:\study\осисп\driver\driver\debug\driver.tlog\inf2cat-expand.18996.write.1.tlog
d:\study\осисп\driver\driver\debug\driver.tlog\inf2cat-expand.read.1.tlog
d:\study\осисп\driver\driver\debug\driver.tlog\inf2cat-expand.write.1.tlog
d:\study\осисп\driver\driver\debug\driver.tlog\inf2cat.command.1.tlog
d:\study\осисп\driver\driver\debug\driver.tlog\inf2cat.read.1.tlog
d:\study\осисп\driver\driver\debug\driver.tlog\inf2cat.write.1.tlog
d:\study\осисп\driver\driver\debug\driver.tlog\link.command.1.tlog
d:\study\осисп\driver\driver\debug\driver.tlog\link.read.1.tlog
d:\study\осисп\driver\driver\debug\driver.tlog\link.write.1.tlog
d:\study\осисп\driver\driver\debug\driver.tlog\signtool.command.1.tlog
d:\study\осисп\driver\driver\debug\driver.tlog\signtool.read.1.tlog
d:\study\осисп\driver\driver\debug\driver.tlog\signtool.timestamp.1.tlog
d:\study\осисп\driver\driver\debug\driver.tlog\signtool.write.1.tlog
d:\study\осисп\driver\driver\debug\driver.tlog\stampinf.command.1.tlog
d:\study\осисп\driver\driver\debug\driver.tlog\stampinf.read.1.tlog
d:\study\осисп\driver\driver\debug\driver.tlog\stampinf.write.1.tlog
